<?xml version="1.0" encoding="UTF-8"?>
<!-- Generated by org.testng.reporters.JUnitXMLReporter -->
<testsuite ignored="2" hostname="LAPTOP-PCE1K6LP" failures="0" tests="0" name="Testfirefox" time="30.239" errors="0" timestamp="2026-02-18T00:36:55 IST">
  <testcase classname="TestCases.TC002_Loginpagetest" name="verify_login" time="0.0">
    <ignored/>
  </testcase> <!-- verify_login -->
  <testcase classname="TestCases.TC003TestdrivenLogin" name="verify_login_DDT" time="0.0">
    <ignored/>
  </testcase> <!-- verify_login_DDT -->
</testsuite> <!-- Testfirefox -->
