<?xml version="1.0" encoding="UTF-8"?>
<!-- Generated by org.testng.reporters.JUnitXMLReporter -->
<testsuite ignored="2" hostname="LAPTOP-PCE1K6LP" failures="1" tests="1" name="Testedge" time="20.115" errors="0" timestamp="2026-02-16T23:48:29 IST">
  <testcase classname="TestCases.TC001_AccountRegistrationtest" name="Account_registration" time="12.621">
    <failure type="java.lang.AssertionError" message="null">
      <![CDATA[java.lang.AssertionError: null
at TestCases.TC001_AccountRegistrationtest.Account_registration(TC001_AccountRegistrationtest.java:46)
at java.base/java.util.ArrayList.forEach(ArrayList.java:1596)
... Removed 27 stack frames]]>
    </failure>
  </testcase> <!-- Account_registration -->
  <testcase classname="TestCases.TC002_Loginpagetest" name="verify_login" time="0.0">
    <ignored/>
  </testcase> <!-- verify_login -->
  <testcase classname="TestCases.TC003TestdrivenLogin" name="verify_login_DDT" time="0.0">
    <ignored/>
  </testcase> <!-- verify_login_DDT -->
</testsuite> <!-- Testedge -->
