<?xml version="1.0" encoding="UTF-8"?>
<!-- Generated by org.testng.reporters.JUnitXMLReporter -->
<testsuite ignored="2" hostname="LAPTOP-PCE1K6LP" failures="0" tests="1" name="Testchrome" time="9.34" errors="0" timestamp="2026-02-20T01:07:27 IST">
  <testcase classname="TestCases.TC001_AccountRegistrationtest" name="Account_registration" time="2.649"/>
  <testcase classname="TestCases.TC003TestdrivenLogin" name="verify_login_DDT" time="0.0">
    <ignored/>
  </testcase> <!-- verify_login_DDT -->
  <testcase classname="TestCases.TC002_Loginpagetest" name="verify_login" time="0.0">
    <ignored/>
  </testcase> <!-- verify_login -->
</testsuite> <!-- Testchrome -->
