<?xml version="1.0" encoding="UTF-8"?>
<!-- Generated by org.testng.reporters.JUnitXMLReporter -->
<testsuite ignored="0" hostname="LAPTOP-PCE1K6LP" failures="3" tests="4" name="Test(failed)" time="24.374" errors="0" timestamp="2026-02-14T00:44:16 IST">
  <testcase classname="TestCases.TC002_Loginpagetest" name="verify_login" time="1.394"/>
  <testcase classname="TestCases.TC003TestdrivenLogin" name="verify_login_DDT" time="11.607">
    <failure type="java.lang.AssertionError" message="expected [true] but found [false]">
      <![CDATA[java.lang.AssertionError: expected [true] but found [false]
at TestCases.TC003TestdrivenLogin.verify_login_DDT(TC003TestdrivenLogin.java:40)
at java.base/java.util.ArrayList.forEach(ArrayList.java:1596)
... Removed 29 stack frames]]>
    </failure>
  </testcase> <!-- verify_login_DDT -->
  <testcase classname="TestCases.TC003TestdrivenLogin" name="verify_login_DDT" time="2.329">
    <failure type="java.lang.AssertionError" message="expected [true] but found [false]">
      <![CDATA[java.lang.AssertionError: expected [true] but found [false]
at TestCases.TC003TestdrivenLogin.verify_login_DDT(TC003TestdrivenLogin.java:49)
at java.base/java.util.ArrayList.forEach(ArrayList.java:1596)
... Removed 29 stack frames]]>
    </failure>
  </testcase> <!-- verify_login_DDT -->
  <testcase classname="TestCases.TC003TestdrivenLogin" name="verify_login_DDT" time="3.568">
    <failure type="java.lang.AssertionError" message="expected [true] but found [false]">
      <![CDATA[java.lang.AssertionError: expected [true] but found [false]
at TestCases.TC003TestdrivenLogin.verify_login_DDT(TC003TestdrivenLogin.java:49)
at java.base/java.util.ArrayList.forEach(ArrayList.java:1596)
... Removed 29 stack frames]]>
    </failure>
  </testcase> <!-- verify_login_DDT -->
</testsuite> <!-- Test(failed) -->
