<?xml version="1.0" encoding="UTF-8"?>
<testng-results ignored="4" total="6" passed="2" failed="0" skipped="0">
  <reporter-output>
  </reporter-output>
  <suite started-at="2026-02-20T01:07:16 IST" name="Suite" finished-at="2026-02-20T01:07:34 IST" duration-ms="17818">
    <groups>
      <group name="regression">
        <method signature="TC001_AccountRegistrationtest.Account_registration()[pri:0, instance:TestCases.TC001_AccountRegistrationtest@2ccca26f]" name="Account_registration" class="TestCases.TC001_AccountRegistrationtest"/>
        <method signature="TC001_AccountRegistrationtest.Account_registration()[pri:0, instance:TestCases.TC001_AccountRegistrationtest@5c00384f]" name="Account_registration" class="TestCases.TC001_AccountRegistrationtest"/>
      </group> <!-- regression -->
      <group name="sanity">
        <method signature="TC001_AccountRegistrationtest.Account_registration()[pri:0, instance:TestCases.TC001_AccountRegistrationtest@2ccca26f]" name="Account_registration" class="TestCases.TC001_AccountRegistrationtest"/>
        <method signature="TC001_AccountRegistrationtest.Account_registration()[pri:0, instance:TestCases.TC001_AccountRegistrationtest@5c00384f]" name="Account_registration" class="TestCases.TC001_AccountRegistrationtest"/>
      </group> <!-- sanity -->
      <group name="master">
        <method signature="TC001_AccountRegistrationtest.Account_registration()[pri:0, instance:TestCases.TC001_AccountRegistrationtest@2ccca26f]" name="Account_registration" class="TestCases.TC001_AccountRegistrationtest"/>
        <method signature="TC001_AccountRegistrationtest.Account_registration()[pri:0, instance:TestCases.TC001_AccountRegistrationtest@5c00384f]" name="Account_registration" class="TestCases.TC001_AccountRegistrationtest"/>
      </group> <!-- master -->
    </groups>
    <test started-at="2026-02-20T01:07:16 IST" name="Testchrome" finished-at="2026-02-20T01:07:25 IST" duration-ms="9340">
      <class name="TestCases.TC001_AccountRegistrationtest">
        <test-method is-config="true" signature="Setup(java.lang.String,java.lang.String)[pri:0, instance:TestCases.TC001_AccountRegistrationtest@2ccca26f]" started-at="2026-02-20T01:07:16 IST" name="Setup" finished-at="2026-02-20T01:07:22 IST" duration-ms="6195" status="PASS">
          <params>
            <param index="0">
              <value>
                <![CDATA[linux]]>
              </value>
            </param>
            <param index="1">
              <value>
                <![CDATA[chrome]]>
              </value>
            </param>
          </params>
          <reporter-output>
          </reporter-output>
        </test-method> <!-- Setup -->
        <test-method signature="Account_registration()[pri:0, instance:TestCases.TC001_AccountRegistrationtest@2ccca26f]" started-at="2026-02-20T01:07:22 IST" name="Account_registration" finished-at="2026-02-20T01:07:25 IST" duration-ms="2649" status="PASS">
          <reporter-output>
          </reporter-output>
        </test-method> <!-- Account_registration -->
        <test-method is-config="true" signature="teardown()[pri:0, instance:TestCases.TC001_AccountRegistrationtest@2ccca26f]" started-at="2026-02-20T01:07:25 IST" name="teardown" finished-at="2026-02-20T01:07:25 IST" duration-ms="248" status="PASS">
          <reporter-output>
          </reporter-output>
        </test-method> <!-- teardown -->
      </class> <!-- TestCases.TC001_AccountRegistrationtest -->
    </test> <!-- Testchrome -->
    <test started-at="2026-02-20T01:07:27 IST" name="Testfirefox" finished-at="2026-02-20T01:07:34 IST" duration-ms="7242">
      <class name="TestCases.TC001_AccountRegistrationtest">
        <test-method is-config="true" signature="Setup(java.lang.String,java.lang.String)[pri:0, instance:TestCases.TC001_AccountRegistrationtest@5c00384f]" started-at="2026-02-20T01:07:27 IST" name="Setup" finished-at="2026-02-20T01:07:31 IST" duration-ms="4681" status="PASS">
          <params>
            <param index="0">
              <value>
                <![CDATA[linux]]>
              </value>
            </param>
            <param index="1">
              <value>
                <![CDATA[firefox]]>
              </value>
            </param>
          </params>
          <reporter-output>
          </reporter-output>
        </test-method> <!-- Setup -->
        <test-method signature="Account_registration()[pri:0, instance:TestCases.TC001_AccountRegistrationtest@5c00384f]" started-at="2026-02-20T01:07:31 IST" name="Account_registration" finished-at="2026-02-20T01:07:33 IST" duration-ms="1544" status="PASS">
          <reporter-output>
          </reporter-output>
        </test-method> <!-- Account_registration -->
        <test-method is-config="true" signature="teardown()[pri:0, instance:TestCases.TC001_AccountRegistrationtest@5c00384f]" started-at="2026-02-20T01:07:33 IST" name="teardown" finished-at="2026-02-20T01:07:34 IST" duration-ms="1016" status="PASS">
          <reporter-output>
          </reporter-output>
        </test-method> <!-- teardown -->
      </class> <!-- TestCases.TC001_AccountRegistrationtest -->
    </test> <!-- Testfirefox -->
  </suite> <!-- Suite -->
</testng-results>
