<?xml version="1.0" encoding="UTF-8"?>
<testng-results ignored="0" total="0" passed="0" failed="0" skipped="0">
  <reporter-output>
  </reporter-output>
  <suite started-at="2026-02-18T00:36:55 IST" name="Suite" finished-at="2026-02-18T00:36:55 IST" duration-ms="0">
    <groups>
      <group name="regression">
        <method signature="TC001_AccountRegistrationtest.Account_registration()[pri:0, instance:TestCases.TC001_AccountRegistrationtest@269f4bad]" name="Account_registration" class="TestCases.TC001_AccountRegistrationtest"/>
        <method signature="TC001_AccountRegistrationtest.Account_registration()[pri:0, instance:TestCases.TC001_AccountRegistrationtest@69637b10]" name="Account_registration" class="TestCases.TC001_AccountRegistrationtest"/>
      </group> <!-- regression -->
      <group name="sanity">
        <method signature="TC001_AccountRegistrationtest.Account_registration()[pri:0, instance:TestCases.TC001_AccountRegistrationtest@269f4bad]" name="Account_registration" class="TestCases.TC001_AccountRegistrationtest"/>
        <method signature="TC001_AccountRegistrationtest.Account_registration()[pri:0, instance:TestCases.TC001_AccountRegistrationtest@69637b10]" name="Account_registration" class="TestCases.TC001_AccountRegistrationtest"/>
      </group> <!-- sanity -->
      <group name="master">
        <method signature="TC001_AccountRegistrationtest.Account_registration()[pri:0, instance:TestCases.TC001_AccountRegistrationtest@269f4bad]" name="Account_registration" class="TestCases.TC001_AccountRegistrationtest"/>
        <method signature="TC001_AccountRegistrationtest.Account_registration()[pri:0, instance:TestCases.TC001_AccountRegistrationtest@69637b10]" name="Account_registration" class="TestCases.TC001_AccountRegistrationtest"/>
      </group> <!-- master -->
    </groups>
  </suite> <!-- Suite -->
</testng-results>
