<?xml version="1.0" encoding="UTF-8"?>
<!-- Generated by org.testng.reporters.JUnitReportReporter -->
<testsuite hostname="LAPTOP-PCE1K6LP" failures="0" tests="2" name="TestCases.TC001_AccountRegistrationtest" time="4.682" errors="0" timestamp="2026-02-18T00:26:33 IST" skipped="0">
  <testcase classname="TestCases.TC001_AccountRegistrationtest" name="Account_registration" time="1.971"/>
  <testcase classname="TestCases.TC001_AccountRegistrationtest" name="Account_registration" time="2.711"/>
</testsuite> <!-- TestCases.TC001_AccountRegistrationtest -->
