<?xml version="1.0" encoding="UTF-8"?>
<!-- Generated by org.testng.reporters.JUnitReportReporter -->
<testsuite hostname="LAPTOP-PCE1K6LP" failures="0" tests="2" name="TestCases.TC001_AccountRegistrationtest" time="4.193" errors="0" timestamp="2026-02-20T01:07:34 IST" skipped="0">
  <testcase classname="TestCases.TC001_AccountRegistrationtest" name="Account_registration" time="1.544"/>
  <testcase classname="TestCases.TC001_AccountRegistrationtest" name="Account_registration" time="2.649"/>
</testsuite> <!-- TestCases.TC001_AccountRegistrationtest -->
